Env activated...............
Env activated...............
: b'1'
12:50:45
2021-07-24
1 Record inserted successfully into Track table
: b'0'
12:51:21
2021-07-24
1 Record inserted successfully into Track table
: b'1'
12:51:24
2021-07-24
1 Record inserted successfully into Track table
: b'0'
12:52:31
2021-07-24
1 Record inserted successfully into Track table
: b'1'
12:52:35
2021-07-24
1 Record inserted successfully into Track table
: b'0'
12:52:41
2021-07-24
1 Record inserted successfully into Track table
: b'1'
12:52:46
2021-07-24
1 Record inserted successfully into Track table
: b'0'
12:53:05
2021-07-24
1 Record inserted successfully into Track table
: b'1'
12:53:08
2021-07-24
1 Record inserted successfully into Track table
: b'0'
12:53:31
2021-07-24
1 Record inserted successfully into Track table
: b'1'
12:53:33
2021-07-24
1 Record inserted successfully into Track table
: b'0'
12:53:37
2021-07-24
1 Record inserted successfully into Track table
: b'1'
12:53:43
2021-07-24
1 Record inserted successfully into Track table
: b'0'
12:53:48
2021-07-24
1 Record inserted successfully into Track table
: b'1'
12:53:51
2021-07-24
1 Record inserted successfully into Track table
: b'0'
12:54:02
2021-07-24
1 Record inserted successfully into Track table
: b'1'
12:54:06
2021-07-24
1 Record inserted successfully into Track table
: b'0'
12:54:10
2021-07-24
1 Record inserted successfully into Track table
: b'1'
12:54:14
2021-07-24
1 Record inserted successfully into Track table
: b'0'
12:54:23
2021-07-24
1 Record inserted successfully into Track table
: b'1'
12:54:27
2021-07-24
1 Record inserted successfully into Track table
: b'0'
12:54:36
2021-07-24
1 Record inserted successfully into Track table
: b'1'
12:54:40
2021-07-24
1 Record inserted successfully into Track table
: b'0'
12:54:48
2021-07-24
1 Record inserted successfully into Track table
: b'1'
12:54:53
2021-07-24
1 Record inserted successfully into Track table
: b'0'
12:54:57
2021-07-24
1 Record inserted successfully into Track table
: b'1'
12:55:00
2021-07-24
1 Record inserted successfully into Track table
: b'0'
12:55:30
2021-07-24
1 Record inserted successfully into Track table
: b'1'
12:55:33
2021-07-24
1 Record inserted successfully into Track table
: b'0'
12:55:36
2021-07-24
1 Record inserted successfully into Track table
: b'1'
12:55:40
2021-07-24
1 Record inserted successfully into Track table
: b'0'
12:55:43
2021-07-24
1 Record inserted successfully into Track table
: b'1'
12:55:47
2021-07-24
1 Record inserted successfully into Track table
: b'0'
12:55:59
2021-07-24
1 Record inserted successfully into Track table
: b'1'
12:56:03
2021-07-24
1 Record inserted successfully into Track table
: b'0'
12:56:07
2021-07-24
1 Record inserted successfully into Track table
: b'1'
12:56:11
2021-07-24
1 Record inserted successfully into Track table
: b'0'
12:56:18
2021-07-24
1 Record inserted successfully into Track table
: b'1'
12:56:23
2021-07-24
1 Record inserted successfully into Track table
: b'0'
12:56:27
2021-07-24
1 Record inserted successfully into Track table
: b'1'
12:56:29
2021-07-24
1 Record inserted successfully into Track table
: b'0'
12:56:54
2021-07-24
1 Record inserted successfully into Track table
: b'1'
12:56:58
2021-07-24
1 Record inserted successfully into Track table
: b'0'
12:57:15
2021-07-24
1 Record inserted successfully into Track table
: b'1'
12:57:19
2021-07-24
1 Record inserted successfully into Track table
: b'0'
12:57:27
2021-07-24
1 Record inserted successfully into Track table
: b'1'
12:57:30
2021-07-24
1 Record inserted successfully into Track table
: b'0'
12:57:38
2021-07-24
1 Record inserted successfully into Track table
: b'1'
12:57:41
2021-07-24
1 Record inserted successfully into Track table
: b'0'
12:57:52
2021-07-24
1 Record inserted successfully into Track table
: b'1'
12:57:56
2021-07-24
1 Record inserted successfully into Track table
: b'0'
12:58:20
2021-07-24
1 Record inserted successfully into Track table
: b'1'
12:58:23
2021-07-24
1 Record inserted successfully into Track table
: b'0'
12:58:38
2021-07-24
1 Record inserted successfully into Track table
: b'1'
12:58:41
2021-07-24
1 Record inserted successfully into Track table
: b'0'
12:58:53
2021-07-24
1 Record inserted successfully into Track table
: b'1'
12:58:57
2021-07-24
1 Record inserted successfully into Track table
: b'0'
12:59:05
2021-07-24
1 Record inserted successfully into Track table
: b'1'
12:59:09
2021-07-24
1 Record inserted successfully into Track table
: b'0'
12:59:12
2021-07-24
1 Record inserted successfully into Track table
: b'1'
12:59:17
2021-07-24
1 Record inserted successfully into Track table
: b'0'
12:59:21
2021-07-24
1 Record inserted successfully into Track table
: b'1'
12:59:25
2021-07-24
1 Record inserted successfully into Track table
: b'0'
12:59:28
2021-07-24
1 Record inserted successfully into Track table
: b'1'
12:59:30
2021-07-24
1 Record inserted successfully into Track table
: b'0'
12:59:54
2021-07-24
1 Record inserted successfully into Track table
: b'1'
13:00:02
2021-07-24
1 Record inserted successfully into Track table
: b'0'
13:00:09
2021-07-24
1 Record inserted successfully into Track table
: b'1'
13:00:11
2021-07-24
1 Record inserted successfully into Track table
: b'0'
13:00:14
2021-07-24
1 Record inserted successfully into Track table
: b'1'
13:00:16
2021-07-24
1 Record inserted successfully into Track table
: b'0'
13:00:56
2021-07-24
1 Record inserted successfully into Track table
: b'1'
13:01:01
2021-07-24
1 Record inserted successfully into Track table
: b'0'
13:01:23
2021-07-24
1 Record inserted successfully into Track table
: b'1'
13:01:26
2021-07-24
1 Record inserted successfully into Track table
: b'0'
13:02:06
2021-07-24
1 Record inserted successfully into Track table
: b'1'
13:02:09
2021-07-24
1 Record inserted successfully into Track table
: b'0'
13:03:00
2021-07-24
1 Record inserted successfully into Track table
: b'1'
13:03:03
2021-07-24
1 Record inserted successfully into Track table
: b'0'
13:03:07
2021-07-24
1 Record inserted successfully into Track table
: b'1'
13:03:11
2021-07-24
1 Record inserted successfully into Track table
: b'0'
13:03:17
2021-07-24
1 Record inserted successfully into Track table
: b'1'
13:03:24
2021-07-24
1 Record inserted successfully into Track table
: b'0'
13:03:28
2021-07-24
1 Record inserted successfully into Track table
: b'1'
13:03:37
2021-07-24
1 Record inserted successfully into Track table
: b'0'
13:03:41
2021-07-24
1 Record inserted successfully into Track table
: b'1'
13:03:45
2021-07-24
1 Record inserted successfully into Track table
: b'0'
13:04:01
2021-07-24
1 Record inserted successfully into Track table
: b'1'
13:04:05
2021-07-24
1 Record inserted successfully into Track table
: b'0'
13:04:17
2021-07-24
1 Record inserted successfully into Track table
: b'1'
13:04:21
2021-07-24
1 Record inserted successfully into Track table
: b'0'
13:04:54
2021-07-24
1 Record inserted successfully into Track table
: b'1'
13:05:02
2021-07-24
1 Record inserted successfully into Track table
: b'0'
13:05:18
2021-07-24
1 Record inserted successfully into Track table
: b'1'
13:05:25
2021-07-24
1 Record inserted successfully into Track table
: b'0'
13:05:32
2021-07-24
1 Record inserted successfully into Track table
: b'1'
13:05:36
2021-07-24
1 Record inserted successfully into Track table
: b'0'
13:05:39
2021-07-24
1 Record inserted successfully into Track table
: b'1'
13:05:43
2021-07-24
1 Record inserted successfully into Track table
: b'0'
13:05:48
2021-07-24
1 Record inserted successfully into Track table
: b'1'
13:05:54
2021-07-24
1 Record inserted successfully into Track table
: b'0'
13:05:57
2021-07-24
1 Record inserted successfully into Track table
: b'1'
13:06:01
2021-07-24
1 Record inserted successfully into Track table
: b'0'
13:06:05
2021-07-24
1 Record inserted successfully into Track table
: b'1'
13:06:09
2021-07-24
1 Record inserted successfully into Track table
: b'0'
13:06:24
2021-07-24
1 Record inserted successfully into Track table
: b'1'
13:06:28
2021-07-24
1 Record inserted successfully into Track table
: b'0'
13:06:45
2021-07-24
1 Record inserted successfully into Track table
: b'1'
13:06:47
2021-07-24
1 Record inserted successfully into Track table
: b'0'
13:07:10
2021-07-24
1 Record inserted successfully into Track table
: b'1'
13:07:13
2021-07-24
1 Record inserted successfully into Track table
: b'0'
13:08:01
2021-07-24
1 Record inserted successfully into Track table
: b'1'
13:08:09
2021-07-24
1 Record inserted successfully into Track table
: b'0'
13:08:37
2021-07-24
1 Record inserted successfully into Track table
: b'1'
13:08:41
2021-07-24
1 Record inserted successfully into Track table
: b'0'
13:08:50
2021-07-24
1 Record inserted successfully into Track table
: b'1'
13:08:53
2021-07-24
1 Record inserted successfully into Track table
: b'0'
13:08:57
2021-07-24
1 Record inserted successfully into Track table
: b'1'
13:09:02
2021-07-24
1 Record inserted successfully into Track table
: b'0'
13:09:09
2021-07-24
1 Record inserted successfully into Track table
: b'1'
13:09:21
2021-07-24
1 Record inserted successfully into Track table
: b'0'
13:09:50
2021-07-24
1 Record inserted successfully into Track table
: b'1'
13:10:02
2021-07-24
1 Record inserted successfully into Track table
: b'0'
13:10:04
2021-07-24
1 Record inserted successfully into Track table
: b'1'
13:10:12
2021-07-24
1 Record inserted successfully into Track table
: b'0'
13:10:16
2021-07-24
1 Record inserted successfully into Track table
: b'1'
13:10:21
2021-07-24
1 Record inserted successfully into Track table
: b'0'
13:10:32
2021-07-24
1 Record inserted successfully into Track table
: b'1'
13:10:38
2021-07-24
1 Record inserted successfully into Track table
: b'0'
13:10:48
2021-07-24
1 Record inserted successfully into Track table
: b'1'
13:10:52
2021-07-24
1 Record inserted successfully into Track table
: b'0'
13:10:56
2021-07-24
1 Record inserted successfully into Track table
: b'1'
13:11:02
2021-07-24
1 Record inserted successfully into Track table
: b'0'
13:11:06
2021-07-24
1 Record inserted successfully into Track table
: b'1'
13:11:10
2021-07-24
1 Record inserted successfully into Track table
: b'0'
13:11:27
2021-07-24
1 Record inserted successfully into Track table
: b'1'
13:11:31
2021-07-24
1 Record inserted successfully into Track table
: b'0'
13:11:37
2021-07-24
1 Record inserted successfully into Track table
: b'1'
13:11:41
2021-07-24
1 Record inserted successfully into Track table
: b'0'
13:11:55
2021-07-24
1 Record inserted successfully into Track table
: b'1'
13:11:58
2021-07-24
1 Record inserted successfully into Track table
: b'0'
13:12:25
2021-07-24
1 Record inserted successfully into Track table
: b'1'
13:12:29
2021-07-24
1 Record inserted successfully into Track table
: b'0'
13:12:41
2021-07-24
1 Record inserted successfully into Track table
: b'1'
13:12:45
2021-07-24
1 Record inserted successfully into Track table
: b'0'
13:12:49
2021-07-24
1 Record inserted successfully into Track table
: b'1'
13:12:56
2021-07-24
1 Record inserted successfully into Track table
: b'0'
13:13:01
2021-07-24
1 Record inserted successfully into Track table
: b'1'
13:13:07
2021-07-24
1 Record inserted successfully into Track table
: b'0'
13:13:20
2021-07-24
1 Record inserted successfully into Track table
: b'1'
13:13:22
2021-07-24
1 Record inserted successfully into Track table
: b'0'
13:13:25
2021-07-24
1 Record inserted successfully into Track table
: b'1'
13:13:27
2021-07-24
1 Record inserted successfully into Track table
: b'0'
13:13:31
2021-07-24
1 Record inserted successfully into Track table
: b'1'
13:13:37
2021-07-24
1 Record inserted successfully into Track table
: b'0'
13:13:41
2021-07-24
1 Record inserted successfully into Track table
: b'1'
13:13:47
2021-07-24
1 Record inserted successfully into Track table
: b'0'
13:13:51
2021-07-24
1 Record inserted successfully into Track table
: b'1'
13:13:55
2021-07-24
1 Record inserted successfully into Track table
: b'0'
13:14:10
2021-07-24
1 Record inserted successfully into Track table
: b'1'
13:14:12
2021-07-24
1 Record inserted successfully into Track table
: b'0'
13:14:30
2021-07-24
1 Record inserted successfully into Track table
: b'1'
13:14:36
2021-07-24
1 Record inserted successfully into Track table
: b'0'
13:14:40
2021-07-24
1 Record inserted successfully into Track table
: b'1'
13:14:43
2021-07-24
1 Record inserted successfully into Track table
: b'0'
13:14:51
2021-07-24
1 Record inserted successfully into Track table
: b'1'
13:14:55
2021-07-24
1 Record inserted successfully into Track table
: b'0'
13:15:22
2021-07-24
1 Record inserted successfully into Track table
: b'1'
13:15:29
2021-07-24
1 Record inserted successfully into Track table
: b'0'
13:15:33
2021-07-24
1 Record inserted successfully into Track table
: b'1'
13:15:36
2021-07-24
1 Record inserted successfully into Track table
: b'0'
13:15:40
2021-07-24
1 Record inserted successfully into Track table
: b'1'
13:15:43
2021-07-24
1 Record inserted successfully into Track table
: b'0'
13:15:47
2021-07-24
1 Record inserted successfully into Track table
: b'1'
13:15:51
2021-07-24
1 Record inserted successfully into Track table
: b'0'
13:16:05
2021-07-24
1 Record inserted successfully into Track table
: b'1'
13:16:08
2021-07-24
1 Record inserted successfully into Track table
: b'0'
13:16:33
2021-07-24
1 Record inserted successfully into Track table
: b'1'
13:16:37
2021-07-24
1 Record inserted successfully into Track table
: b'0'
13:16:41
2021-07-24
1 Record inserted successfully into Track table
: b'1'
13:16:45
2021-07-24
1 Record inserted successfully into Track table
: b'0'
13:16:57
2021-07-24
1 Record inserted successfully into Track table
: b'1'
13:17:01
2021-07-24
1 Record inserted successfully into Track table
: b'0'
13:17:06
2021-07-24
1 Record inserted successfully into Track table
: b'1'
13:17:11
2021-07-24
1 Record inserted successfully into Track table
: b'0'
13:17:15
2021-07-24
1 Record inserted successfully into Track table
: b'1'
13:17:19
2021-07-24
1 Record inserted successfully into Track table
: b'0'
13:17:43
2021-07-24
1 Record inserted successfully into Track table
: b'1'
13:17:46
2021-07-24
1 Record inserted successfully into Track table
: b'0'
13:18:00
2021-07-24
1 Record inserted successfully into Track table
: b'1'
13:18:05
2021-07-24
1 Record inserted successfully into Track table
: b'0'
13:18:11
2021-07-24
1 Record inserted successfully into Track table
: b'1'
13:18:15
2021-07-24
1 Record inserted successfully into Track table
: b'0'
13:18:20
2021-07-24
1 Record inserted successfully into Track table
: b'1'
13:18:23
2021-07-24
1 Record inserted successfully into Track table
: b'0'
13:18:47
2021-07-24
1 Record inserted successfully into Track table
: b'1'
13:18:51
2021-07-24
1 Record inserted successfully into Track table
: b'0'
13:18:55
2021-07-24
1 Record inserted successfully into Track table
: b'1'
13:19:00
2021-07-24
1 Record inserted successfully into Track table
: b'0'
13:19:03
2021-07-24
1 Record inserted successfully into Track table
: b'1'
13:19:06
2021-07-24
1 Record inserted successfully into Track table
: b'0'
13:19:23
2021-07-24
1 Record inserted successfully into Track table
: b'1'
13:19:30
2021-07-24
1 Record inserted successfully into Track table
: b'0'
13:19:39
2021-07-24
1 Record inserted successfully into Track table
: b'1'
13:19:41
2021-07-24
1 Record inserted successfully into Track table
: b'0'
13:20:14
2021-07-24
1 Record inserted successfully into Track table
: b'1'
13:20:18
2021-07-24
1 Record inserted successfully into Track table
: b'0'
13:20:25
2021-07-24
1 Record inserted successfully into Track table
: b'1'
13:20:28
2021-07-24
1 Record inserted successfully into Track table
: b'0'
13:20:32
2021-07-24
1 Record inserted successfully into Track table
: b'1'
13:20:40
2021-07-24
1 Record inserted successfully into Track table
: b'0'
13:20:42
2021-07-24
1 Record inserted successfully into Track table
: b'1'
13:20:49
2021-07-24
1 Record inserted successfully into Track table
: b'0'
13:21:00
2021-07-24
1 Record inserted successfully into Track table
: b'1'
13:21:10
2021-07-24
1 Record inserted successfully into Track table
: b'0'
13:21:13
2021-07-24
1 Record inserted successfully into Track table
: b'1'
13:21:17
2021-07-24
1 Record inserted successfully into Track table
: b'0'
13:21:21
2021-07-24
1 Record inserted successfully into Track table
: b'1'
13:21:24
2021-07-24
1 Record inserted successfully into Track table
: b'0'
13:21:32
2021-07-24
1 Record inserted successfully into Track table
: b'1'
13:21:35
2021-07-24
1 Record inserted successfully into Track table
: b'0'
13:21:47
2021-07-24
1 Record inserted successfully into Track table
: b'1'
13:21:51
2021-07-24
1 Record inserted successfully into Track table
: b'0'
13:21:55
2021-07-24
1 Record inserted successfully into Track table
: b'1'
13:22:03
2021-07-24
1 Record inserted successfully into Track table
: b'0'
13:22:07
2021-07-24
1 Record inserted successfully into Track table
: b'1'
13:22:11
2021-07-24
1 Record inserted successfully into Track table
: b'0'
13:22:15
2021-07-24
1 Record inserted successfully into Track table
: b'1'
13:22:19
2021-07-24
1 Record inserted successfully into Track table
: b'0'
13:22:23
2021-07-24
1 Record inserted successfully into Track table
: b'1'
13:22:28
2021-07-24
1 Record inserted successfully into Track table
: b'0'
13:22:33
2021-07-24
1 Record inserted successfully into Track table
: b'1'
13:22:36
2021-07-24
1 Record inserted successfully into Track table
: b'0'
13:22:46
2021-07-24
1 Record inserted successfully into Track table
: b'1'
13:22:48
2021-07-24
1 Record inserted successfully into Track table
: b'0'
13:23:05
2021-07-24
1 Record inserted successfully into Track table
: b'1'
13:23:09
2021-07-24
1 Record inserted successfully into Track table
: b'0'
13:23:11
2021-07-24
1 Record inserted successfully into Track table
: b'1'
13:23:14
2021-07-24
1 Record inserted successfully into Track table
: b'0'
13:23:20
2021-07-24
1 Record inserted successfully into Track table
: b'1'
13:23:24
2021-07-24
1 Record inserted successfully into Track table
: b'0'
13:23:28
2021-07-24
1 Record inserted successfully into Track table
: b'1'
13:23:32
2021-07-24
1 Record inserted successfully into Track table
: b'0'
13:23:47
2021-07-24
1 Record inserted successfully into Track table
: b'1'
13:23:50
2021-07-24
1 Record inserted successfully into Track table
: b'0'
13:23:54
2021-07-24
1 Record inserted successfully into Track table
: b'1'
13:23:58
2021-07-24
1 Record inserted successfully into Track table
: b'0'
13:24:02
2021-07-24
1 Record inserted successfully into Track table
: b'1'
13:24:05
2021-07-24
1 Record inserted successfully into Track table
: b'0'
13:24:09
2021-07-24
1 Record inserted successfully into Track table
: b'1'
13:24:17
2021-07-24
1 Record inserted successfully into Track table
: b'0'
13:24:26
2021-07-24
1 Record inserted successfully into Track table
: b'1'
13:24:30
2021-07-24
1 Record inserted successfully into Track table
: b'0'
13:24:37
2021-07-24
1 Record inserted successfully into Track table
: b'1'
13:24:42
2021-07-24
1 Record inserted successfully into Track table
: b'0'
13:24:46
2021-07-24
1 Record inserted successfully into Track table
: b'1'
13:24:50
2021-07-24
1 Record inserted successfully into Track table
: b'0'
13:24:57
2021-07-24
1 Record inserted successfully into Track table
: b'1'
13:25:06
2021-07-24
1 Record inserted successfully into Track table
: b'0'
13:25:10
2021-07-24
1 Record inserted successfully into Track table
: b'1'
13:25:13
2021-07-24
1 Record inserted successfully into Track table
: b'0'
13:25:17
2021-07-24
1 Record inserted successfully into Track table
: b'1'
13:25:21
2021-07-24
1 Record inserted successfully into Track table
: b'0'
13:25:26
2021-07-24
1 Record inserted successfully into Track table
: b'1'
13:25:31
2021-07-24
1 Record inserted successfully into Track table
: b'0'
13:25:42
2021-07-24
1 Record inserted successfully into Track table
: b'1'
13:25:44
2021-07-24
1 Record inserted successfully into Track table
: b'0'
13:25:51
2021-07-24
1 Record inserted successfully into Track table
: b'1'
13:25:59
2021-07-24
1 Record inserted successfully into Track table
: b'0'
13:26:58
2021-07-24
1 Record inserted successfully into Track table
: b'1'
13:27:03
2021-07-24
1 Record inserted successfully into Track table
: b'0'
13:27:46
2021-07-24
1 Record inserted successfully into Track table
: b'1'
13:27:49
2021-07-24
1 Record inserted successfully into Track table
: b'0'
13:27:53
2021-07-24
1 Record inserted successfully into Track table
: b'1'
13:27:57
2021-07-24
1 Record inserted successfully into Track table
: b'0'
13:28:10
2021-07-24
1 Record inserted successfully into Track table
: b'1'
13:28:13
2021-07-24
1 Record inserted successfully into Track table
: b'0'
13:28:23
2021-07-24
1 Record inserted successfully into Track table
: b'1'
13:28:27
2021-07-24
1 Record inserted successfully into Track table
: b'0'
13:28:49
2021-07-24
1 Record inserted successfully into Track table
: b'1'
13:28:54
2021-07-24
1 Record inserted successfully into Track table
: b'0'
13:29:09
2021-07-24
1 Record inserted successfully into Track table
: b'1'
13:29:12
2021-07-24
1 Record inserted successfully into Track table
: b'0'
13:29:14
2021-07-24
1 Record inserted successfully into Track table
: b'1'
13:29:18
2021-07-24
1 Record inserted successfully into Track table
: b'0'
13:29:22
2021-07-24
1 Record inserted successfully into Track table
: b'1'
13:29:26
2021-07-24
1 Record inserted successfully into Track table
: b'0'
13:29:30
2021-07-24
1 Record inserted successfully into Track table
: b'1'
13:29:34
2021-07-24
1 Record inserted successfully into Track table
: b'0'
13:29:47
2021-07-24
1 Record inserted successfully into Track table
: b'1'
13:29:52
2021-07-24
1 Record inserted successfully into Track table
: b'0'
13:29:58
2021-07-24
1 Record inserted successfully into Track table
: b'1'
13:30:01
2021-07-24
1 Record inserted successfully into Track table
: b'0'
13:30:09
2021-07-24
1 Record inserted successfully into Track table
: b'1'
13:30:16
2021-07-24
1 Record inserted successfully into Track table
: b'0'
13:30:34
2021-07-24
1 Record inserted successfully into Track table
: b'1'
13:30:37
2021-07-24
1 Record inserted successfully into Track table
: b'0'
13:30:50
2021-07-24
1 Record inserted successfully into Track table
: b'1'
13:30:53
2021-07-24
1 Record inserted successfully into Track table
: b'0'
13:31:10
2021-07-24
1 Record inserted successfully into Track table
: b'1'
13:31:17
2021-07-24
1 Record inserted successfully into Track table
: b'0'
13:31:28
2021-07-24
1 Record inserted successfully into Track table
: b'1'
13:31:31
2021-07-24
1 Record inserted successfully into Track table
: b'0'
13:31:53
2021-07-24
1 Record inserted successfully into Track table
: b'1'
13:31:58
2021-07-24
1 Record inserted successfully into Track table
: b'0'
13:32:05
2021-07-24
1 Record inserted successfully into Track table
: b'1'
13:32:10
2021-07-24
1 Record inserted successfully into Track table
: b'0'
13:32:14
2021-07-24
1 Record inserted successfully into Track table
: b'1'
13:32:21
2021-07-24
1 Record inserted successfully into Track table
: b'0'
13:32:37
2021-07-24
1 Record inserted successfully into Track table
: b'1'
13:32:45
2021-07-24
1 Record inserted successfully into Track table
: b'0'
13:32:48
2021-07-24
1 Record inserted successfully into Track table
: b'1'
13:32:52
2021-07-24
1 Record inserted successfully into Track table
: b'0'
13:33:15
2021-07-24
1 Record inserted successfully into Track table
: b'1'
13:33:17
2021-07-24
1 Record inserted successfully into Track table
: b'0'
13:33:22
2021-07-24
1 Record inserted successfully into Track table
: b'1'
13:33:24
2021-07-24
1 Record inserted successfully into Track table
: b'0'
13:33:40
2021-07-24
1 Record inserted successfully into Track table
: b'1'
13:33:43
2021-07-24
1 Record inserted successfully into Track table
: b'0'
13:34:00
2021-07-24
1 Record inserted successfully into Track table
: b'1'
13:34:03
2021-07-24
1 Record inserted successfully into Track table
: b'0'
13:34:07
2021-07-24
1 Record inserted successfully into Track table
: b'1'
13:34:10
2021-07-24
1 Record inserted successfully into Track table
: b'0'
13:34:48
2021-07-24
1 Record inserted successfully into Track table
: b'1'
13:34:51
2021-07-24
1 Record inserted successfully into Track table
: b'0'
13:35:00
2021-07-24
1 Record inserted successfully into Track table
: b'1'
13:35:05
2021-07-24
1 Record inserted successfully into Track table
: b'0'
13:35:21
2021-07-24
1 Env activated...............
